Arguments: 
  E:\nodejs\node.exe E:\yarn\bin\yarn.js


PATH: 
  C:\Users\MiSung\Anaconda3\condabin;C:\Program Files (x86)\Common Files\Oracle\Java\javapath;C:\Program Files\Java\jdk1.8.0_151\bin;E:\app\user\product\11.2.0\dbhome_1\bin;C:\ProgramData\DockerDesktop\version-bin;C:\Program Files\Docker\Docker\Resources\bin;C:\ProgramData\Oracle\Java\javapath;C:\WINDOWS\system32;C:\WINDOWS;C:\WINDOWS\System32\Wbem;C:\WINDOWS\System32\WindowsPowerShell\v1.0\;C:\Program Files (x86)\IVI Foundation\VISA\WinNT\Bin\;C:\Program Files\IVI Foundation\VISA\Win64\Bin\;C:\Program Files (x86)\IVI Foundation\VISA\WinNT\Bin;C:\PROGRA~2\IVIFOU~1\VISA\WinNT\Bin;C:\WINDOWS\System32\OpenSSH\;E:\nodejs\;E:\yarn\bin\;E:\git\Git\cmd;C:\Users\MiSung\Anaconda3;C:\Users\MiSung\Anaconda3\Scripts;C:\Users\MiSung\Anaconda3\Library\bin;C:\Users\MiSung\AppData\Local\atom\app-1.34.0\resources\app\apm\bin;C:\Users\MiSung\AppData\Local\Microsoft\WindowsApps;C:\Program Files\MySQL\MySQL Shell 8.0\bin\;E:\vsCode\Microsoft VS Code\bin;C:\Users\MiSung\AppData\Roaming\npm;C:\Users\MiSung\AppData\Local\Yarn\bin;C:\ProgramData\MiSung\atom\bin;C:\Users\MiSung\AppData\Local\Microsoft\WindowsApps;;

Yarn version: 
  1.22.4

Node version: 

  14.4.0

Platform: 
  win32 x64

Trace: 
  Error: https://registry.yarnpkg.com/@babel%2ftransform-react-jsx-source: Not found
      at Request.params.callback [as _callback] (E:\yarn\lib\cli.js:66096:18)
      at Request.self.callback (E:\yarn\lib\cli.js:140748:22)
      at Request.emit (events.js:315:20)
      at Request.<anonymous> (E:\yarn\lib\cli.js:141720:10)
      at Request.emit (events.js:315:20)
      at IncomingMessage.<anonymous> (E:\yarn\lib\cli.js:141642:12)
      at Object.onceWrapper (events.js:421:28)
      at IncomingMessage.emit (events.js:327:22)
      at endReadableNT (_stream_readable.js:1224:12)
      at processTicksAndRejections (internal/process/task_queues.js:84:21)


npm manifest: 
  {
    "name": "testpages",
    "version": "0.1.0",
    "private": true,
    "dependencies": {
      "@babel/transform-react-jsx-source": "^7.12.13",
      "@material-ui/core": "^4.11.3",
      "@testing-library/jest-dom": "^5.11.4",
      "@testing-library/react": "^11.1.0",
      "@testing-library/user-event": "^12.1.10",
      "axios": "^0.21.1",
      "global": "^4.4.0",
      "material-ui": "^0.20.2",
      "polished": "^4.1.0",
      "react": "^17.0.1",
      "react-async": "^10.0.1",
      "react-dom": "^17.0.1",
      "react-icons": "^4.1.0",
      "react-responsive": "^8.2.0",

      "react-router-dom": "^5.2.0",
      "react-scripts": "^4.0.2",

      "react-slick": "^0.28.0",
      "slick-carousel": "^1.8.1",
      "styled-components": "^5.2.1",
      "web-vitals": "^0.2.4"
    },
    "scripts": {
      "start": "react-scripts start",
      "build": "react-scripts build",
      "test": "react-scripts test",
      "eject": "react-scripts eject"
    },
    "eslintConfig": {
      "extends": [
        "react-app",
        "react-app/jest"
      ]
    },
    "browserslist": {
      "production": [
        ">0.2%",
        "not dead",
        "not op_mini all"
      ],
      "development": [
        "last 1 chrome version",
        "last 1 firefox version",
        "last 1 safari version"
      ]
    }
  }

yarn manifest: 
  No manifest

Lockfile: 
  No lockfile

